<?xml version="1.0" encoding="UTF-8"?>
<!-- Generated by org.testng.reporters.JUnitReportReporter -->
<testsuite hostname="LAPTOP-SKQC2F6E" failures="0" tests="1" name="testcases.loginTest" time="0.308" errors="0" timestamp="2024-08-08T19:43:35 IST" skipped="0">
  <testcase classname="testcases.loginTest" name="verify_validUserLogin" time="0.308"/>
  <system-out/>
</testsuite> <!-- testcases.loginTest -->
