<?xml version="1.0" encoding="UTF-8"?>
<!-- Generated by org.testng.reporters.JUnitReportReporter -->
<testsuite hostname="LAPTOP-SKQC2F6E" failures="0" tests="6" name="testcases.testdataDriven" time="29.078" errors="0" timestamp="2024-10-07T12:22:47 IST" skipped="0">
  <testcase classname="testcases.testdataDriven" name="Login1" time="4.760"/>
  <system-out/>
  <testcase classname="testcases.testdataDriven" name="Login1" time="4.429"/>
  <system-out/>
  <testcase classname="testcases.testdataDriven" name="Login1" time="5.889"/>
  <system-out/>
  <testcase classname="testcases.testdataDriven" name="Login1" time="4.648"/>
  <system-out/>
  <testcase classname="testcases.testdataDriven" name="Login1" time="4.605"/>
  <system-out/>
  <testcase classname="testcases.testdataDriven" name="Login1" time="4.747"/>
  <system-out/>
</testsuite> <!-- testcases.testdataDriven -->
