<?xml version="1.0" encoding="UTF-8"?>
<!-- Generated by org.testng.reporters.JUnitReportReporter -->
<testsuite hostname="LAPTOP-SKQC2F6E" failures="0" tests="3" name="testcases.baseLogin" time="0.735" errors="0" timestamp="2024-09-02T09:48:44 IST" skipped="0">
  <testcase classname="testcases.baseLogin" name="Login1" time="0.272"/>
  <system-out/>
  <testcase classname="testcases.baseLogin" name="Login3" time="0.226"/>
  <system-out/>
  <testcase classname="testcases.baseLogin" name="Login2" time="0.237"/>
  <system-out/>
</testsuite> <!-- testcases.baseLogin -->
