<?xml version="1.0" encoding="UTF-8"?>
<!-- Generated by org.testng.reporters.JUnitReportReporter -->
<testsuite hostname="LAPTOP-SKQC2F6E" failures="0" tests="1" name="testcases.StudentRegistrationFormTest" time="0.228" errors="0" timestamp="2024-11-27T05:53:52 IST" skipped="0">
  <testcase classname="testcases.StudentRegistrationFormTest" name="RegistrationForm" time="0.228"/>
  <system-out/>
</testsuite> <!-- testcases.StudentRegistrationFormTest -->
